<?xml version="1.0" encoding="UTF-8"?>
<!-- Generated by org.testng.reporters.JUnitXMLReporter -->
<testsuite ignored="0" hostname="Rico" failures="1" tests="3" name="Test" time="44.628" errors="0" timestamp="2022-01-03T17:10:31 WIB">
  <testcase classname="TsuitesPP.TestUICMS" name="download_member_report" time="14.516"/>
  <testcase classname="TsuitesPP.TestUICMS" name="download_member_report_location" time="12.137">
    <failure type="org.openqa.selenium.NoSuchElementException" message="Cannot locate option with value: 1916
For documentation on this error, please visit: https://selenium.dev/exceptions/#no_such_element
Build info: version: &amp;apos;4.0.0&amp;apos;, revision: &amp;apos;3a21814679&amp;apos;
System info: host: &amp;apos;RICO&amp;apos;, ip: &amp;apos;10.3.152.52&amp;apos;, os.name: &amp;apos;Windows 10&amp;apos;, os.arch: &amp;apos;amd64&amp;apos;, os.version: &amp;apos;10.0&amp;apos;, java.version: &amp;apos;16.0.2&amp;apos;
Driver info: driver.version: unknown">
      <![CDATA[org.openqa.selenium.NoSuchElementException: Cannot locate option with value: 1916
For documentation on this error, please visit: https://selenium.dev/exceptions/#no_such_element
Build info: version: '4.0.0', revision: '3a21814679'
System info: host: 'RICO', ip: '10.3.152.52', os.name: 'Windows 10', os.arch: 'amd64', os.version: '10.0', java.version: '16.0.2'
Driver info: driver.version: unknown
at org.openqa.selenium.support.ui.Select.findOptionsByValue(Select.java:287)
at org.openqa.selenium.support.ui.Select.selectByValue(Select.java:190)
at TsuitesPP.TestUICMS.download_member_report_location(TestUICMS.java:80)
at java.base/java.util.ArrayList.forEach(ArrayList.java:1511)
... Removed 27 stack frames]]>
    </failure>
  </testcase> <!-- download_member_report_location -->
  <testcase classname="TsuitesPP.TestUICMS" name="login" time="13.123"/>
</testsuite> <!-- Test -->
