<?xml version="1.0" encoding="UTF-8"?>
<!-- Generated by org.testng.reporters.JUnitXMLReporter -->
<testsuite ignored="0" hostname="Rico" failures="0" tests="4" name="RegressionPPUI" time="0.045" errors="0" timestamp="2022-07-19T17:14:02 WIB">
  <testcase classname="PPProd.partaiperindoUI" name="@BeforeTest setUpTest" time="0.038">
    <failure type="java.lang.IllegalStateException" message="The driver executable must exist: C:\jenkins\chromedriver.exe">
      <![CDATA[java.lang.IllegalStateException: The driver executable must exist: C:\jenkins\chromedriver.exe
at org.openqa.selenium.internal.Require$FileStateChecker.isFile(Require.java:315)
at org.openqa.selenium.remote.service.DriverService.checkExecutable(DriverService.java:144)
at org.openqa.selenium.remote.service.DriverService.findExecutable(DriverService.java:139)
at org.openqa.selenium.chrome.ChromeDriverService.access$000(ChromeDriverService.java:38)
at org.openqa.selenium.chrome.ChromeDriverService$Builder.findDefaultExecutable(ChromeDriverService.java:231)
at org.openqa.selenium.remote.service.DriverService$Builder.build(DriverService.java:434)
at org.openqa.selenium.chrome.ChromeDriverService.createServiceWithConfig(ChromeDriverService.java:141)
at org.openqa.selenium.chrome.ChromeDriver.<init>(ChromeDriver.java:80)
at PPProd.partaiperindoUI.setUpTest(partaiperindoUI.java:38)
... Removed 28 stack frames]]>
    </failure>
  </testcase> <!-- @BeforeTest setUpTest -->
  <testcase classname="PPProd.partaiperindoUI" name="PetunjukArah" time="0.0">
    <skipped/>
  </testcase> <!-- PetunjukArah -->
  <testcase classname="PPProd.partaiperindoUI" name="kartiniPerindo" time="0.0">
    <skipped/>
  </testcase> <!-- kartiniPerindo -->
  <testcase classname="PPProd.partaiperindoUI" name="login" time="0.0">
    <skipped/>
  </testcase> <!-- login -->
  <testcase classname="PPProd.partaiperindoUI" name="pemudaPerindo" time="0.0">
    <skipped/>
  </testcase> <!-- pemudaPerindo -->
</testsuite> <!-- RegressionPPUI -->
